#-----------------------------------------------------------
# Vivado v2023.1 (64-bit)
# SW Build 3865809 on Sun May  7 15:04:56 MDT 2023
# IP Build 3864474 on Sun May  7 20:36:21 MDT 2023
# SharedData Build 3865790 on Sun May 07 13:33:03 MDT 2023
# Start of session at: Mon Nov 13 15:31:15 2023
# Process ID: 678029
# Current directory: /media/alinx/nvme4t/yang/course_s3_tcl/ax7z100/01_led_control/vivado/auto_create_project/hls/led_control/led_control/solution1/impl/ip
# Command line: vivado -notrace -mode batch -source run_ippack.tcl
# Log file: /media/alinx/nvme4t/yang/course_s3_tcl/ax7z100/01_led_control/vivado/auto_create_project/hls/led_control/led_control/solution1/impl/ip/vivado.log
# Journal file: /media/alinx/nvme4t/yang/course_s3_tcl/ax7z100/01_led_control/vivado/auto_create_project/hls/led_control/led_control/solution1/impl/ip/vivado.jou
# Running On: alinx-System-Product-Name, OS: Linux, CPU Frequency: 2937.051 MHz, CPU Physical cores: 32, Host memory: 134224 MB
#-----------------------------------------------------------
Sourcing tcl script '/home/alinx/Xilinx/Vivado/2023.1/scripts/Vivado_init.tcl'
445 Beta devices matching pattern found, 56 enabled.
source run_ippack.tcl -notrace
INFO: [IP_Flow 19-234] Refreshing IP repositories
INFO: [IP_Flow 19-1704] No user IP repositories specified
INFO: [IP_Flow 19-2313] Loaded Vivado IP repository '/home/alinx/Xilinx/Vivado/2023.1/data/ip'.
INFO: [Common 17-206] Exiting Vivado at Mon Nov 13 15:31:21 2023...
